ERROR:jobs.daily:09/21/2022, 12:34:38-El archivo de configuración no Existe
INFO:main.safi:2003 (HY000): Can't connect to MySQL server on '10.186.22.164:3308' (113)
INFO:main.safi:2003 (HY000): Can't connect to MySQL server on '10.186.22.164:3308' (113)
INFO:main.safi:2003 (HY000): Can't connect to MySQL server on '10.186.22.164:3308' (113)
INFO:main.safi:2003 (HY000): Can't connect to MySQL server on '10.186.22.164:3308' (113)
INFO:main.safi:2003 (HY000): Can't connect to MySQL server on '10.186.22.164:3308' (113)
INFO:main.safi:2003 (HY000): Can't connect to MySQL server on '10.186.22.164:3308' (113)
INFO:main.safi:2003 (HY000): Can't connect to MySQL server on '10.186.22.164:3308' (113)
INFO:main.safi:2003 (HY000): Can't connect to MySQL server on '10.186.22.164:3308' (113)
INFO:main.safi:2003 (HY000): Can't connect to MySQL server on '10.186.22.164:3308' (113)
INFO:main.safi:2003 (HY000): Can't connect to MySQL server on '10.186.22.164:3308' (113)
INFO:main.safi:2003 (HY000): Can't connect to MySQL server on '10.186.22.164:3308' (113)
INFO:main.safi:2003 (HY000): Can't connect to MySQL server on '10.186.22.164:3308' (113)
INFO:main.safi:2003 (HY000): Can't connect to MySQL server on '10.186.22.164:3308' (113)
INFO:main.safi:2003 (HY000): Can't connect to MySQL server on '10.186.22.164:3308' (113)
INFO:main.safi:2003 (HY000): Can't connect to MySQL server on 'localhost:3308' (111)
INFO:main.safi:2003 (HY000): Can't connect to MySQL server on 'localhost:3308' (111)
ERROR:main.safi:2003 (HY000): Can't connect to MySQL server on 'localhost:3308' (111)
INFO:main.safi:2003 (HY000): Can't connect to MySQL server on 'localhost:3308' (111)
ERROR:main.safi:2003 (HY000): Can't connect to MySQL server on 'localhost:3308' (111)
INFO:main.safi:2003 (HY000): Can't connect to MySQL server on 'localhost:3308' (111)
ERROR:main.safi:2003 (HY000): Can't connect to MySQL server on 'localhost:3308' (111)
INFO:main.safi:2003 (HY000): Can't connect to MySQL server on 'localhost:3308' (111)
ERROR:main.safi:2003 (HY000): Can't connect to MySQL server on 'localhost:3308' (111)
INFO:main.safi:2003 (HY000): Can't connect to MySQL server on 'localhost:3308' (111)
ERROR:main.safi:2003 (HY000): Can't connect to MySQL server on 'localhost:3308' (111)
INFO:main.safi:2003 (HY000): Can't connect to MySQL server on 'localhost:3308' (111)
ERROR:main.safi:2003 (HY000): Can't connect to MySQL server on 'localhost:3308' (111)
INFO:main.safi:2003 (HY000): Can't connect to MySQL server on 'localhost:3308' (111)
ERROR:main.safi:2003 (HY000): Can't connect to MySQL server on 'localhost:3308' (111)
INFO:main.safi:2003 (HY000): Can't connect to MySQL server on 'localhost:3308' (111)
ERROR:main.safi:2003 (HY000): Can't connect to MySQL server on 'localhost:3308' (111)
INFO:main.safi:2003 (HY000): Can't connect to MySQL server on 'localhost:3308' (111)
ERROR:main.safi:2003 (HY000): Can't connect to MySQL server on 'localhost:3308' (111)
INFO:main.safi:2003 (HY000): Can't connect to MySQL server on 'localhost:3308' (111)
ERROR:main.safi:2003 (HY000): Can't connect to MySQL server on 'localhost:3308' (111)
INFO:main.safi:2003 (HY000): Can't connect to MySQL server on 'localhost:3308' (111)
ERROR:main.safi:2003 (HY000): Can't connect to MySQL server on 'localhost:3308' (111)
INFO:main.safi:2003 (HY000): Can't connect to MySQL server on 'localhost:3308' (111)
ERROR:main.safi:2003 (HY000): Can't connect to MySQL server on 'localhost:3308' (111)
ERROR:main.safi:2003 (HY000): Can't connect to MySQL server on 'localhost:3308' (111)
INFO:main.safi:2003 (HY000): Can't connect to MySQL server on 'localhost:3308' (111)
ERROR:main.safi:2003 (HY000): Can't connect to MySQL server on 'localhost:3308' (111)
ERROR:main.safi:2003 (HY000): Can't connect to MySQL server on 'localhost:3308' (111)
ERROR:main.safi:2003 (HY000): Can't connect to MySQL server on 'localhost:3308' (111)
INFO:main.safi:2003 (HY000): Can't connect to MySQL server on 'localhost:3308' (111)
ERROR:main.safi:2003 (HY000): Can't connect to MySQL server on 'localhost:3308' (111)
ERROR:main.safi:2003 (HY000): Can't connect to MySQL server on 'localhost:3308' (111)
ERROR:main.safi:2003 (HY000): Can't connect to MySQL server on 'localhost:3308' (111)
ERROR:main.safi:2003 (HY000): Can't connect to MySQL server on 'localhost:3308' (111)
ERROR:main.safi:2003 (HY000): Can't connect to MySQL server on 'localhost:3308' (111)
ERROR:main.safi:2003 (HY000): Can't connect to MySQL server on 'localhost:3308' (111)
ERROR:main.safi:2003 (HY000): Can't connect to MySQL server on 'localhost:3308' (111)
ERROR:main.safi:2003 (HY000): Can't connect to MySQL server on 'localhost:3308' (111)
ERROR:main.safi:2003 (HY000): Can't connect to MySQL server on 'localhost:3308' (111)
ERROR:main.safi:2003 (HY000): Can't connect to MySQL server on 'localhost:3308' (111)
2022-09-21 13:36:47.408 ERROR safi - _isOpen: 2003 (HY000): Can't connect to MySQL server on 'localhost:3308' (111)
2022-09-21 13:36:47.409 ERROR safi - _isOpen: 2003 (HY000): Can't connect to MySQL server on 'localhost:3308' (111)
2022-09-21 13:47:48.866 ERROR safi - _testConnection: 2013 (HY000): Lost connection to MySQL server at 'reading initial communication packet', system error: 0
2022-09-21 13:47:48.867 ERROR safi - _testConnection: 2013 (HY000): Lost connection to MySQL server at 'reading initial communication packet', system error: 0
2022-09-21 13:48:28.742 INFO safi - _testConnection: Conectado a la BD Exitosamente.
2022-09-21 13:48:28.752 INFO safi - _testConnection: Conectado a la BD Exitosamente.
2022-09-21 13:55:49.539 INFO safi - _testConnection: Conectado a la BD Exitosamente.
2022-09-21 13:55:49.544 INFO safi - _testConnection: Conectado a la BD Exitosamente.
2022-09-21 13:57:55.378 INFO safi - _testConnection: Conectado a la BD Exitosamente.
2022-09-21 13:57:55.383 INFO safi - _testConnection: Conectado a la BD Exitosamente.
2022-09-21 13:59:52.441 INFO safi - _testConnection: Conectado a la BD Exitosamente.
2022-09-21 13:59:52.447 INFO safi - _testConnection: Conectado a la BD Exitosamente.
2022-09-21 13:59:52.454 INFO safi - connect: Conectado a la BD Exitosamente.
2022-09-21 14:03:35.633 ERROR safi - _testConnection: The database don't existsmicr2ofin
2022-09-21 14:03:35.638 ERROR safi - _testConnection: The database don't existsmicr2ofin
2022-09-21 14:04:23.454 ERROR safi - _testConnection: The database [micr2ofin] don't exists
2022-09-21 14:04:23.460 ERROR safi - _testConnection: The database [micr2ofin] don't exists
2022-09-21 14:05:03.722 ERROR safi - _testConnection: Authentication failed, wrong username or password
2022-09-21 14:05:03.729 ERROR safi - _testConnection: Authentication failed, wrong username or password
2022-09-21 14:18:51.357 ERROR safi - _testConnection: Authentication failed, wrong username or password
2022-09-21 14:18:51.363 ERROR safi - _testConnection: Authentication failed, wrong username or password
2022-09-21 14:19:02.388 INFO safi - _testConnection: The database is available
2022-09-21 14:19:02.394 INFO safi - _testConnection: The database is available
2022-09-21 14:19:02.403 INFO safi - connect: Database connection is open.
2022-09-21 14:24:28.890 INFO safi - _testConnection: The database is available
2022-09-21 14:24:28.897 INFO safi - _testConnection: The database is available
2022-09-21 14:24:28.903 INFO safi - connect: Database connection is open.
2022-09-21 14:26:56.349 INFO safi - _testConnection: The database is available
2022-09-21 14:26:56.354 INFO safi - _testConnection: The database is available
2022-09-21 14:26:56.362 INFO safi - connect: Database connection is open.
2022-09-21 14:27:35.409 INFO safi - _testConnection: The database is available
2022-09-21 14:27:35.415 INFO safi - _testConnection: The database is available
2022-09-21 14:27:35.421 INFO safi - connect: Database connection is open.
2022-09-21 14:27:55.356 INFO safi - _testConnection: The database is available
2022-09-21 14:27:55.361 INFO safi - _testConnection: The database is available
2022-09-21 14:27:55.367 INFO safi - connect: Database connection is open.
2022-09-21 14:29:31.547 INFO safi - _testConnection: The database is available
2022-09-21 14:29:31.552 INFO safi - _testConnection: The database is available
2022-09-21 14:29:31.558 INFO safi - connect: Database connection is open.
2022-09-21 14:40:08.401 INFO safi - _testConnection: The database is available
2022-09-21 14:40:08.408 INFO safi - _testConnection: The database is available
2022-09-21 14:40:08.416 INFO safi - connect: Database connection is open.
2022-09-21 15:11:09.449 INFO safi - _testConnection: The database is available
2022-09-21 15:11:09.455 INFO safi - _testConnection: The database is available
2022-09-21 15:11:09.462 INFO safi - connect: Database connection is open.
2022-09-21 15:13:35.793 INFO safi - _testConnection: The database is available
2022-09-21 15:13:35.802 INFO safi - _testConnection: The database is available
2022-09-21 15:13:35.810 INFO safi - connect: Database connection is open.
2022-09-21 15:16:15.868 INFO safi - _testConnection: The database is available
2022-09-21 15:16:15.875 INFO safi - _testConnection: The database is available
2022-09-21 15:16:15.883 INFO safi - connect: Database connection is open.
2022-09-21 15:16:35.503 INFO safi - _testConnection: The database is available
2022-09-21 15:16:35.509 INFO safi - _testConnection: The database is available
2022-09-21 15:16:35.516 INFO safi - connect: Database connection is open.
2022-09-21 15:16:35.520 ERROR safi - _execute_routine: MySQL:1365 (22012): Division by 0
2022-09-21 15:18:44.695 INFO safi - _testConnection: The database is available
2022-09-21 15:18:44.701 INFO safi - _testConnection: The database is available
2022-09-21 15:18:44.710 INFO safi - connect: Database connection is open.
2022-09-21 15:18:44.714 ERROR safi - _execute_routine: MySQL: On Execute call PGS_MAESTROSALDOS('G','',0,'N')  >1365 (22012): Division by 0
2022-09-21 16:00:05.166 INFO safi - _testConnection: MySQL: The database is available
2022-09-21 16:00:05.173 INFO safi - _testConnection: MySQL: The database is available
2022-09-21 16:00:05.182 INFO safi - connect: MySQL: Database connection is open.
2022-09-21 16:00:05.187 ERROR safi - _execute_routine: MySQL: On Execute [call PGS_MAESTROSALDOS('G','',0,'N') ] >1365 (22012): Division by 0
2022-09-21 16:01:27.418 INFO safi - _testConnection: MySQL: The database is available
2022-09-21 16:01:27.425 INFO safi - _testConnection: MySQL: The database is available
2022-09-21 16:01:27.432 INFO safi - connect: MySQL: Database connection is open.
2022-09-21 16:01:27.436 ERROR safi - _execute_routine: MySQL: On Execute [call PGS_MAESTROSALDOS('G','',0,'N') ] >1365 (22012): Division by 0
2022-09-21 16:02:09.643 INFO safi - _testConnection: MySQL: The database is available
2022-09-21 16:02:09.648 INFO safi - _testConnection: MySQL: The database is available
2022-09-21 16:02:09.655 INFO safi - connect: MySQL: Database connection is open.
2022-09-21 16:02:13.375 ERROR safi - _execute_routine: MySQL: On Execute [call PGS_MAESTROSALDOS('G','',0,'N') ] >Unread result found
2022-09-21 16:06:39.426 INFO safi - _testConnection: MySQL: The database is available
2022-09-21 16:06:39.432 INFO safi - _testConnection: MySQL: The database is available
2022-09-21 16:06:39.441 INFO safi - connect: MySQL: Database connection is open.
2022-09-21 16:06:42.120 INFO safi - _execute_routine: MySQL:[call PGS_MAESTROSALDOS('G','',0,'N') ] executed sucessfully.
2022-09-21 16:29:41.411 INFO safi - _testConnection: MySQL: The database is available
2022-09-21 16:29:41.418 INFO safi - _testConnection: MySQL: The database is available
2022-09-21 16:29:41.427 INFO safi - connect: MySQL: Database connection is open.
2022-09-21 16:29:44.317 INFO safi - _execute_routine: MySQL:[call PGS_MAESTROSALDOS('G','',0,'N') ] executed sucessfully.
2022-09-21 16:29:59.944 INFO safi - _testConnection: MySQL: The database is available
2022-09-21 16:29:59.951 INFO safi - _testConnection: MySQL: The database is available
2022-09-21 16:29:59.960 INFO safi - connect: MySQL: Database connection is open.
2022-09-21 16:30:03.582 INFO safi - _execute_routine: MySQL:[call PGS_MAESTROSALDOS('G','',0,'N') ] executed sucessfully.
2022-09-21 16:56:18.663 INFO safi - _testConnection: MySQL: The database is available
2022-09-21 16:56:18.669 INFO safi - _testConnection: MySQL: The database is available
2022-09-21 16:56:18.676 INFO safi - connect: MySQL: Database connection is open.
2022-09-21 16:56:21.633 INFO safi - _execute_routine: MySQL:[call PGS_MAESTROSALDOS('G','',0,'N') ] executed sucessfully.
2022-09-21 16:56:42.579 INFO safi - _testConnection: MySQL: The database is available
2022-09-21 16:56:42.587 INFO safi - _testConnection: MySQL: The database is available
2022-09-21 16:56:42.592 INFO safi - connect: MySQL: Database connection is open.
2022-09-21 16:56:45.566 INFO safi - _execute_routine: MySQL:[call PGS_MAESTROSALDOS('G','',0,'N') ] executed sucessfully.
2022-09-21 16:56:45.690 INFO safi - to_csv: IO/OS: Bulk data on [saldos_dia.txt] file sucessfully.
2022-09-21 16:59:35.554 INFO safi - _testConnection: MySQL: The database is available
2022-09-21 16:59:35.561 INFO safi - _testConnection: MySQL: The database is available
2022-09-21 16:59:35.569 INFO safi - connect: MySQL: Database connection is open.
2022-09-21 16:59:38.893 INFO safi - _execute_routine: MySQL:[call PGS_MAESTROSALDOS('G','',0,'N') ] executed sucessfully.
2022-09-21 16:59:39.023 INFO safi - to_csv: IO/OS: Bulk data on [saldos_dia.txt] file sucessfully.
